This file contains any messages produced by compilers while
running configure, to aid debugging if configure makes a mistake.

configure:557: checking for a BSD compatible install
configure:610: checking whether build environment is sane
configure:667: checking whether make sets ${MAKE}
configure:713: checking for working aclocal-1.4
configure:726: checking for working autoconf
configure:739: checking for working automake-1.4
configure:752: checking for working autoheader
configure:765: checking for working makeinfo
configure:785: checking for gcc
configure:898: checking whether the C compiler (gcc  ) works
configure:914: gcc -o conftest    conftest.c  1>&5
configure:940: checking whether the C compiler (gcc  ) is a cross-compiler
configure:945: checking whether we are using GNU C
configure:973: checking whether gcc accepts -g
configure:1005: checking for POSIXized ISC
configure:1030: checking for c++
configure:1062: checking whether the C++ compiler (c++  ) works
configure:1078: c++ -o conftest    conftest.C  1>&5
configure:1104: checking whether the C++ compiler (c++  ) is a cross-compiler
configure:1109: checking whether we are using GNU C++
configure:1137: checking whether c++ accepts -g
configure:1172: checking for gcc option to accept ANSI C
configure:1249: checking how to run the C preprocessor
configure:1329: checking for ANSI C header files
configure:1434: checking for SDL_Init in -lSDL
configure:1481: checking for TTF_Init in -lSDL_ttf
